<?xml version="1.0" encoding="UTF-8"?>
<testng-results ignored="0" total="1" passed="1" failed="0" skipped="0">
  <reporter-output>
  </reporter-output>
  <suite started-at="2025-12-17T14:42:29 IST" name="Default suite" finished-at="2025-12-17T14:42:29 IST" duration-ms="122">
    <groups>
    </groups>
    <test started-at="2025-12-17T14:42:29 IST" name="Default test" finished-at="2025-12-17T14:42:29 IST" duration-ms="122">
      <class name="GitTest.DemoProgram">
        <test-method signature="demo1()[pri:0, instance:GitTest.DemoProgram@1b7cc17c]" started-at="2025-12-17T14:42:29 IST" name="demo1" finished-at="2025-12-17T14:42:29 IST" duration-ms="20" status="PASS">
          <reporter-output>
          </reporter-output>
        </test-method> <!-- demo1 -->
      </class> <!-- GitTest.DemoProgram -->
    </test> <!-- Default test -->
  </suite> <!-- Default suite -->
</testng-results>
